<?xml version="1.0" encoding="UTF-8"?>
<!-- Generated by org.testng.reporters.JUnitReportReporter -->
<testsuite skipped="0" hostname="EC2AMAZ-O2EPSOO" name="com.hcl.taf.Testvalidate" tests="1" failures="0" timestamp="08 Dec 2020 07:32:10 GMT" time="20.780" errors="0">
  <testcase name="TestvalidateMethod" time="20.780" classname="com.hcl.taf.Testvalidate"/>
</testsuite> <!-- com.hcl.taf.Testvalidate -->
