<?xml version="1.0" encoding="UTF-8"?>
<!-- Generated by org.testng.reporters.JUnitReportReporter -->
<testsuite skipped="0" hostname="EC2AMAZ-O2EPSOO" name="com.hcl.taf.GoogleUserStory" tests="1" failures="0" timestamp="08 Dec 2020 07:44:29 GMT" time="50.907" errors="0">
  <testcase name="TestvalidateMethod" time="50.907" classname="com.hcl.taf.GoogleUserStory"/>
</testsuite> <!-- com.hcl.taf.GoogleUserStory -->
