<?xml version="1.0" encoding="UTF-8"?>
<!-- Generated by org.testng.reporters.JUnitReportReporter -->
<testsuite skipped="0" hostname="EC2AMAZ-O2EPSOO" name="TestAzure.TestAzure.SelClasss" tests="1" failures="0" timestamp="03 Dec 2020 15:36:37 GMT" time="3.503" errors="0">
  <testcase name="test" time="3.503" classname="TestAzure.TestAzure.SelClasss"/>
</testsuite> <!-- TestAzure.TestAzure.SelClasss -->
