<?xml version="1.0" encoding="UTF-8"?>
<!-- Generated by org.testng.reporters.JUnitReportReporter -->
<testsuite skipped="0" hostname="EC2AMAZ-O2EPSOO" name="com.hcl.taf.GoogleUserStory" tests="1" failures="0" timestamp="09 Dec 2020 06:50:13 GMT" time="56.798" errors="0">
  <testcase name="GoogleSampleTest" time="56.798" classname="com.hcl.taf.GoogleUserStory"/>
</testsuite> <!-- com.hcl.taf.GoogleUserStory -->
