<?xml version="1.0" encoding="UTF-8"?>
<!-- Generated by org.testng.reporters.JUnitReportReporter -->
<testsuite skipped="0" hostname="EC2AMAZ-O2EPSOO" name="com.hcl.taf.Main" tests="1" failures="0" timestamp="07 Dec 2020 06:19:29 GMT" time="3.998" errors="0">
  <testcase name="setUp" time="3.998" classname="com.hcl.taf.Main"/>
</testsuite> <!-- com.hcl.taf.Main -->
