<?xml version="1.0" encoding="UTF-8"?>
<!-- Generated by org.testng.reporters.JUnitReportReporter -->
<testsuite skipped="0" hostname="EC2AMAZ-O2EPSOO" name="com.hcl.taf.TC1" tests="1" failures="0" timestamp="08 Dec 2020 07:29:39 GMT" time="0.788" errors="0">
  <testcase name="WebTCMethod" time="0.788" classname="com.hcl.taf.TC1"/>
</testsuite> <!-- com.hcl.taf.TC1 -->
